This file contains any messages produced by compilers while
running configure, to aid debugging if configure makes a mistake.

It was created by aj-snapshot configure 0.9.9, which was
generated by GNU Autoconf 2.69.  Invocation command line was

  $ ./configure 

## --------- ##
## Platform. ##
## --------- ##

hostname = redeemer
uname -m = x86_64
uname -r = 4.19.91-1-lts
uname -s = Linux
uname -v = #1 SMP Sat, 21 Dec 2019 16:34:46 +0000

/usr/bin/uname -p = unknown
/bin/uname -X     = unknown

/bin/arch              = unknown
/usr/bin/arch -k       = unknown
/usr/convex/getsysinfo = unknown
/usr/bin/hostinfo      = unknown
/bin/machine           = unknown
/usr/bin/oslevel       = unknown
/bin/universe          = unknown

PATH: /usr/local/sbin
PATH: /usr/local/bin
PATH: /usr/bin
PATH: /usr/bin/site_perl
PATH: /usr/bin/vendor_perl
PATH: /usr/bin/core_perl
PATH: /home/iscr/.config/sxhkd/bin
PATH: /home/iscr/bin
PATH: /home/iscr/.vim/plugged/vim-superman/bin
PATH: /home/iscr/.config/sxhkd/bin
PATH: /home/iscr/bin
PATH: /home/iscr/.vim/plugged/vim-superman/bin


## ----------- ##
## Core tests. ##
## ----------- ##

configure:2152: checking for a BSD-compatible install
configure:2220: result: /usr/bin/install -c
configure:2231: checking whether build environment is sane
configure:2286: result: yes
configure:2437: checking for a thread-safe mkdir -p
configure:2476: result: /usr/bin/mkdir -p
configure:2483: checking for gawk
configure:2499: found /usr/bin/gawk
configure:2510: result: gawk
configure:2521: checking whether make sets $(MAKE)
configure:2543: result: yes
configure:2572: checking whether make supports nested variables
configure:2589: result: yes
configure:2722: checking for gawk
configure:2749: result: gawk
configure:2808: checking for gcc
configure:2824: found /usr/bin/gcc
configure:2835: result: gcc
configure:3064: checking for C compiler version
configure:3073: gcc --version >&5
gcc (GCC) 9.2.0
Copyright (C) 2019 Free Software Foundation, Inc.
This is free software; see the source for copying conditions.  There is NO
warranty; not even for MERCHANTABILITY or FITNESS FOR A PARTICULAR PURPOSE.

configure:3084: $? = 0
configure:3073: gcc -v >&5
Using built-in specs.
COLLECT_GCC=gcc
COLLECT_LTO_WRAPPER=/usr/lib/gcc/x86_64-pc-linux-gnu/9.2.0/lto-wrapper
Target: x86_64-pc-linux-gnu
Configured with: /build/gcc/src/gcc/configure --prefix=/usr --libdir=/usr/lib --libexecdir=/usr/lib --mandir=/usr/share/man --infodir=/usr/share/info --with-bugurl=https://bugs.archlinux.org/ --enable-languages=c,c++,ada,fortran,go,lto,objc,obj-c++,d --enable-shared --enable-threads=posix --with-system-zlib --with-isl --enable-__cxa_atexit --disable-libunwind-exceptions --enable-clocale=gnu --disable-libstdcxx-pch --disable-libssp --enable-gnu-unique-object --enable-linker-build-id --enable-lto --enable-plugin --enable-install-libiberty --with-linker-hash-style=gnu --enable-gnu-indirect-function --enable-multilib --disable-werror --enable-checking=release --enable-default-pie --enable-default-ssp --enable-cet=auto gdc_include_dir=/usr/include/dlang/gdc
Thread model: posix
gcc version 9.2.0 (GCC) 
configure:3084: $? = 0
configure:3073: gcc -V >&5
gcc: error: unrecognized command line option '-V'
gcc: fatal error: no input files
compilation terminated.
configure:3084: $? = 1
configure:3073: gcc -qversion >&5
gcc: error: unrecognized command line option '-qversion'; did you mean '--version'?
gcc: fatal error: no input files
compilation terminated.
configure:3084: $? = 1
configure:3104: checking whether the C compiler works
configure:3126: gcc    conftest.c  >&5
configure:3130: $? = 0
configure:3178: result: yes
configure:3181: checking for C compiler default output file name
configure:3183: result: a.out
configure:3189: checking for suffix of executables
configure:3196: gcc -o conftest    conftest.c  >&5
configure:3200: $? = 0
configure:3222: result: 
configure:3244: checking whether we are cross compiling
configure:3252: gcc -o conftest    conftest.c  >&5
configure:3256: $? = 0
configure:3263: ./conftest
configure:3267: $? = 0
configure:3282: result: no
configure:3287: checking for suffix of object files
configure:3309: gcc -c   conftest.c >&5
configure:3313: $? = 0
configure:3334: result: o
configure:3338: checking whether we are using the GNU C compiler
configure:3357: gcc -c   conftest.c >&5
configure:3357: $? = 0
configure:3366: result: yes
configure:3375: checking whether gcc accepts -g
configure:3395: gcc -c -g  conftest.c >&5
configure:3395: $? = 0
configure:3436: result: yes
configure:3453: checking for gcc option to accept ISO C89
configure:3516: gcc  -c -g -O2  conftest.c >&5
configure:3516: $? = 0
configure:3529: result: none needed
configure:3554: checking whether gcc understands -c and -o together
configure:3576: gcc -c conftest.c -o conftest2.o
configure:3579: $? = 0
configure:3576: gcc -c conftest.c -o conftest2.o
configure:3579: $? = 0
configure:3591: result: yes
configure:3611: checking whether make supports the include directive
configure:3626: make -f confmf.GNU && cat confinc.out
this is the am__doit target
configure:3629: $? = 0
configure:3648: result: yes (GNU style)
configure:3673: checking dependency style of gcc
configure:3784: result: gcc3
configure:3800: checking whether ln -s works
configure:3804: result: yes
configure:3818: checking how to run the C preprocessor
configure:3849: gcc -E  conftest.c
configure:3849: $? = 0
configure:3863: gcc -E  conftest.c
conftest.c:11:10: fatal error: ac_nonexistent.h: No such file or directory
   11 | #include <ac_nonexistent.h>
      |          ^~~~~~~~~~~~~~~~~~
compilation terminated.
configure:3863: $? = 1
configure: failed program was:
| /* confdefs.h */
| #define PACKAGE_NAME "aj-snapshot"
| #define PACKAGE_TARNAME "aj-snapshot"
| #define PACKAGE_VERSION "0.9.9"
| #define PACKAGE_STRING "aj-snapshot 0.9.9"
| #define PACKAGE_BUGREPORT "lievenmoors@gmail.com"
| #define PACKAGE_URL ""
| #define PACKAGE "aj-snapshot"
| #define VERSION "0.9.9"
| /* end confdefs.h.  */
| #include <ac_nonexistent.h>
configure:3888: result: gcc -E
configure:3908: gcc -E  conftest.c
configure:3908: $? = 0
configure:3922: gcc -E  conftest.c
conftest.c:11:10: fatal error: ac_nonexistent.h: No such file or directory
   11 | #include <ac_nonexistent.h>
      |          ^~~~~~~~~~~~~~~~~~
compilation terminated.
configure:3922: $? = 1
configure: failed program was:
| /* confdefs.h */
| #define PACKAGE_NAME "aj-snapshot"
| #define PACKAGE_TARNAME "aj-snapshot"
| #define PACKAGE_VERSION "0.9.9"
| #define PACKAGE_STRING "aj-snapshot 0.9.9"
| #define PACKAGE_BUGREPORT "lievenmoors@gmail.com"
| #define PACKAGE_URL ""
| #define PACKAGE "aj-snapshot"
| #define VERSION "0.9.9"
| /* end confdefs.h.  */
| #include <ac_nonexistent.h>
configure:3951: checking for grep that handles long lines and -e
configure:4009: result: /usr/bin/grep
configure:4014: checking for egrep
configure:4076: result: /usr/bin/grep -E
configure:4081: checking for ANSI C header files
configure:4101: gcc -c -g -O2  conftest.c >&5
configure:4101: $? = 0
configure:4174: gcc -o conftest -g -O2   conftest.c  >&5
configure:4174: $? = 0
configure:4174: ./conftest
configure:4174: $? = 0
configure:4185: result: yes
configure:4198: checking for sys/types.h
configure:4198: gcc -c -g -O2  conftest.c >&5
configure:4198: $? = 0
configure:4198: result: yes
configure:4198: checking for sys/stat.h
configure:4198: gcc -c -g -O2  conftest.c >&5
configure:4198: $? = 0
configure:4198: result: yes
configure:4198: checking for stdlib.h
configure:4198: gcc -c -g -O2  conftest.c >&5
configure:4198: $? = 0
configure:4198: result: yes
configure:4198: checking for string.h
configure:4198: gcc -c -g -O2  conftest.c >&5
configure:4198: $? = 0
configure:4198: result: yes
configure:4198: checking for memory.h
configure:4198: gcc -c -g -O2  conftest.c >&5
configure:4198: $? = 0
configure:4198: result: yes
configure:4198: checking for strings.h
configure:4198: gcc -c -g -O2  conftest.c >&5
configure:4198: $? = 0
configure:4198: result: yes
configure:4198: checking for inttypes.h
configure:4198: gcc -c -g -O2  conftest.c >&5
configure:4198: $? = 0
configure:4198: result: yes
configure:4198: checking for stdint.h
configure:4198: gcc -c -g -O2  conftest.c >&5
configure:4198: $? = 0
configure:4198: result: yes
configure:4198: checking for unistd.h
configure:4198: gcc -c -g -O2  conftest.c >&5
configure:4198: $? = 0
configure:4198: result: yes
configure:4210: checking getopt.h usability
configure:4210: gcc -c -g -O2  conftest.c >&5
configure:4210: $? = 0
configure:4210: result: yes
configure:4210: checking getopt.h presence
configure:4210: gcc -E  conftest.c
configure:4210: $? = 0
configure:4210: result: yes
configure:4210: checking for getopt.h
configure:4210: result: yes
configure:4216: checking alsa/asoundlib.h usability
configure:4216: gcc -c -g -O2  conftest.c >&5
configure:4216: $? = 0
configure:4216: result: yes
configure:4216: checking alsa/asoundlib.h presence
configure:4216: gcc -E  conftest.c
configure:4216: $? = 0
configure:4216: result: yes
configure:4216: checking for alsa/asoundlib.h
configure:4216: result: yes
configure:4222: checking jack/jack.h usability
configure:4222: gcc -c -g -O2  conftest.c >&5
configure:4222: $? = 0
configure:4222: result: yes
configure:4222: checking jack/jack.h presence
configure:4222: gcc -E  conftest.c
configure:4222: $? = 0
configure:4222: result: yes
configure:4222: checking for jack/jack.h
configure:4222: result: yes
configure:4228: checking mxml.h usability
configure:4228: gcc -c -g -O2  conftest.c >&5
configure:4228: $? = 0
configure:4228: result: yes
configure:4228: checking mxml.h presence
configure:4228: gcc -E  conftest.c
configure:4228: $? = 0
configure:4228: result: yes
configure:4228: checking for mxml.h
configure:4228: result: yes
configure:4235: checking for main in -lasound
configure:4254: gcc -o conftest -g -O2   conftest.c -lasound   >&5
configure:4254: $? = 0
configure:4263: result: yes
configure:4276: checking for main in -ljack
configure:4295: gcc -o conftest -g -O2   conftest.c -ljack  -lasound  >&5
configure:4295: $? = 0
configure:4304: result: yes
configure:4317: checking for mxmlLoadFile in -lmxml
configure:4342: gcc -o conftest -g -O2   conftest.c -lmxml -lpthread -ljack -lasound  >&5
configure:4342: $? = 0
configure:4351: result: yes
configure:4418: checking for pkg-config
configure:4436: found /usr/bin/pkg-config
configure:4448: result: /usr/bin/pkg-config
configure:4473: checking pkg-config is at least version 0.9.0
configure:4476: result: yes
configure:4486: checking for ALSA
configure:4493: $PKG_CONFIG --exists --print-errors "alsa"
configure:4496: $? = 0
configure:4510: $PKG_CONFIG --exists --print-errors "alsa"
configure:4513: $? = 0
configure:4571: result: yes
configure:4577: checking for JACK
configure:4584: $PKG_CONFIG --exists --print-errors "jack"
configure:4587: $? = 0
configure:4601: $PKG_CONFIG --exists --print-errors "jack"
configure:4604: $? = 0
configure:4662: result: yes
configure:4668: checking for MXML
configure:4675: $PKG_CONFIG --exists --print-errors "mxml"
configure:4678: $? = 0
configure:4692: $PKG_CONFIG --exists --print-errors "mxml"
configure:4695: $? = 0
configure:4753: result: yes
configure:4906: checking that generated files are newer than configure
configure:4912: result: done
configure:4935: creating ./config.status

## ---------------------- ##
## Running config.status. ##
## ---------------------- ##

This file was extended by aj-snapshot config.status 0.9.9, which was
generated by GNU Autoconf 2.69.  Invocation command line was

  CONFIG_FILES    = 
  CONFIG_HEADERS  = 
  CONFIG_LINKS    = 
  CONFIG_COMMANDS = 
  $ ./config.status 

on redeemer

config.status:789: creating Makefile
config.status:789: creating src/Makefile
config.status:789: creating man/Makefile
config.status:961: executing depfiles commands
config.status:1036: cd src       && sed -e '/# am--include-marker/d' Makefile         | make -f - am--depfiles
make: Nothing to be done for 'am--depfiles'.
config.status:1043: $? = 0

## ---------------- ##
## Cache variables. ##
## ---------------- ##

ac_cv_c_compiler_gnu='yes'
ac_cv_env_ALSA_CFLAGS_set=''
ac_cv_env_ALSA_CFLAGS_value=''
ac_cv_env_ALSA_LIBS_set=''
ac_cv_env_ALSA_LIBS_value=''
ac_cv_env_CC_set=''
ac_cv_env_CC_value=''
ac_cv_env_CFLAGS_set=''
ac_cv_env_CFLAGS_value=''
ac_cv_env_CPPFLAGS_set=''
ac_cv_env_CPPFLAGS_value=''
ac_cv_env_CPP_set=''
ac_cv_env_CPP_value=''
ac_cv_env_JACK_CFLAGS_set=''
ac_cv_env_JACK_CFLAGS_value=''
ac_cv_env_JACK_LIBS_set=''
ac_cv_env_JACK_LIBS_value=''
ac_cv_env_LDFLAGS_set=''
ac_cv_env_LDFLAGS_value=''
ac_cv_env_LIBS_set=''
ac_cv_env_LIBS_value=''
ac_cv_env_MXML_CFLAGS_set=''
ac_cv_env_MXML_CFLAGS_value=''
ac_cv_env_MXML_LIBS_set=''
ac_cv_env_MXML_LIBS_value=''
ac_cv_env_PKG_CONFIG_LIBDIR_set=''
ac_cv_env_PKG_CONFIG_LIBDIR_value=''
ac_cv_env_PKG_CONFIG_PATH_set=''
ac_cv_env_PKG_CONFIG_PATH_value=''
ac_cv_env_PKG_CONFIG_set=''
ac_cv_env_PKG_CONFIG_value=''
ac_cv_env_build_alias_set=''
ac_cv_env_build_alias_value=''
ac_cv_env_host_alias_set=''
ac_cv_env_host_alias_value=''
ac_cv_env_target_alias_set=''
ac_cv_env_target_alias_value=''
ac_cv_header_alsa_asoundlib_h='yes'
ac_cv_header_getopt_h='yes'
ac_cv_header_inttypes_h='yes'
ac_cv_header_jack_jack_h='yes'
ac_cv_header_memory_h='yes'
ac_cv_header_mxml_h='yes'
ac_cv_header_stdc='yes'
ac_cv_header_stdint_h='yes'
ac_cv_header_stdlib_h='yes'
ac_cv_header_string_h='yes'
ac_cv_header_strings_h='yes'
ac_cv_header_sys_stat_h='yes'
ac_cv_header_sys_types_h='yes'
ac_cv_header_unistd_h='yes'
ac_cv_lib_asound_main='yes'
ac_cv_lib_jack_main='yes'
ac_cv_lib_mxml_mxmlLoadFile='yes'
ac_cv_objext='o'
ac_cv_path_EGREP='/usr/bin/grep -E'
ac_cv_path_GREP='/usr/bin/grep'
ac_cv_path_ac_pt_PKG_CONFIG='/usr/bin/pkg-config'
ac_cv_path_install='/usr/bin/install -c'
ac_cv_path_mkdir='/usr/bin/mkdir'
ac_cv_prog_AWK='gawk'
ac_cv_prog_CPP='gcc -E'
ac_cv_prog_ac_ct_CC='gcc'
ac_cv_prog_cc_c89=''
ac_cv_prog_cc_g='yes'
ac_cv_prog_make_make_set='yes'
am_cv_CC_dependencies_compiler_type='gcc3'
am_cv_make_support_nested_variables='yes'
am_cv_prog_cc_c_o='yes'
pkg_cv_ALSA_CFLAGS=''
pkg_cv_ALSA_LIBS='-lasound '
pkg_cv_JACK_CFLAGS=''
pkg_cv_JACK_LIBS='-ljack '
pkg_cv_MXML_CFLAGS='-D_THREAD_SAFE -D_REENTRANT '
pkg_cv_MXML_LIBS='-lmxml -lpthread '

## ----------------- ##
## Output variables. ##
## ----------------- ##

ACLOCAL='${SHELL} /home/iscr/audio/aj-snapshot-0.9.9/missing aclocal-1.16'
ALSA_CFLAGS=''
ALSA_LIBS='-lasound '
AMDEPBACKSLASH='\'
AMDEP_FALSE='#'
AMDEP_TRUE=''
AMTAR='$${TAR-tar}'
AM_BACKSLASH='\'
AM_DEFAULT_V='$(AM_DEFAULT_VERBOSITY)'
AM_DEFAULT_VERBOSITY='1'
AM_V='$(V)'
AUTOCONF='${SHELL} /home/iscr/audio/aj-snapshot-0.9.9/missing autoconf'
AUTOHEADER='${SHELL} /home/iscr/audio/aj-snapshot-0.9.9/missing autoheader'
AUTOMAKE='${SHELL} /home/iscr/audio/aj-snapshot-0.9.9/missing automake-1.16'
AWK='gawk'
CC='gcc'
CCDEPMODE='depmode=gcc3'
CFLAGS='-g -O2'
CPP='gcc -E'
CPPFLAGS=''
CYGPATH_W='echo'
DEFS='-DPACKAGE_NAME=\"aj-snapshot\" -DPACKAGE_TARNAME=\"aj-snapshot\" -DPACKAGE_VERSION=\"0.9.9\" -DPACKAGE_STRING=\"aj-snapshot\ 0.9.9\" -DPACKAGE_BUGREPORT=\"lievenmoors@gmail.com\" -DPACKAGE_URL=\"\" -DPACKAGE=\"aj-snapshot\" -DVERSION=\"0.9.9\" -DSTDC_HEADERS=1 -DHAVE_SYS_TYPES_H=1 -DHAVE_SYS_STAT_H=1 -DHAVE_STDLIB_H=1 -DHAVE_STRING_H=1 -DHAVE_MEMORY_H=1 -DHAVE_STRINGS_H=1 -DHAVE_INTTYPES_H=1 -DHAVE_STDINT_H=1 -DHAVE_UNISTD_H=1 -DHAVE_LIBASOUND=1 -DHAVE_LIBJACK=1 -DHAVE_LIBMXML=1'
DEPDIR='.deps'
ECHO_C=''
ECHO_N='-n'
ECHO_T=''
EGREP='/usr/bin/grep -E'
EXEEXT=''
GREP='/usr/bin/grep'
INSTALL_DATA='${INSTALL} -m 644'
INSTALL_PROGRAM='${INSTALL}'
INSTALL_SCRIPT='${INSTALL}'
INSTALL_STRIP_PROGRAM='$(install_sh) -c -s'
JACK_CFLAGS=''
JACK_LIBS='-ljack '
LDFLAGS=''
LIBOBJS=''
LIBS='-lmxml -ljack -lasound '
LN_S='ln -s'
LTLIBOBJS=''
MAKEINFO='${SHELL} /home/iscr/audio/aj-snapshot-0.9.9/missing makeinfo'
MKDIR_P='/usr/bin/mkdir -p'
MXML_CFLAGS='-D_THREAD_SAFE -D_REENTRANT '
MXML_LIBS='-lmxml -lpthread '
OBJEXT='o'
PACKAGE='aj-snapshot'
PACKAGE_BUGREPORT='lievenmoors@gmail.com'
PACKAGE_NAME='aj-snapshot'
PACKAGE_STRING='aj-snapshot 0.9.9'
PACKAGE_TARNAME='aj-snapshot'
PACKAGE_URL=''
PACKAGE_VERSION='0.9.9'
PATH_SEPARATOR=':'
PKG_CONFIG='/usr/bin/pkg-config'
PKG_CONFIG_LIBDIR=''
PKG_CONFIG_PATH=''
SET_MAKE=''
SHELL='/bin/sh'
STRIP=''
VERSION='0.9.9'
ac_ct_CC='gcc'
am__EXEEXT_FALSE=''
am__EXEEXT_TRUE='#'
am__fastdepCC_FALSE='#'
am__fastdepCC_TRUE=''
am__include='include'
am__isrc=''
am__leading_dot='.'
am__nodep='_no'
am__quote=''
am__tar='$${TAR-tar} chof - "$$tardir"'
am__untar='$${TAR-tar} xf -'
bindir='${exec_prefix}/bin'
build_alias=''
datadir='${datarootdir}'
datarootdir='${prefix}/share'
docdir='${datarootdir}/doc/${PACKAGE_TARNAME}'
dvidir='${docdir}'
exec_prefix='${prefix}'
host_alias=''
htmldir='${docdir}'
includedir='${prefix}/include'
infodir='${datarootdir}/info'
install_sh='${SHELL} /home/iscr/audio/aj-snapshot-0.9.9/install-sh'
libdir='${exec_prefix}/lib'
libexecdir='${exec_prefix}/libexec'
localedir='${datarootdir}/locale'
localstatedir='${prefix}/var'
mandir='${datarootdir}/man'
mkdir_p='$(MKDIR_P)'
oldincludedir='/usr/include'
pdfdir='${docdir}'
prefix='/usr/local'
program_transform_name='s,x,x,'
psdir='${docdir}'
sbindir='${exec_prefix}/sbin'
sharedstatedir='${prefix}/com'
sysconfdir='${prefix}/etc'
target_alias=''

## ----------- ##
## confdefs.h. ##
## ----------- ##

/* confdefs.h */
#define PACKAGE_NAME "aj-snapshot"
#define PACKAGE_TARNAME "aj-snapshot"
#define PACKAGE_VERSION "0.9.9"
#define PACKAGE_STRING "aj-snapshot 0.9.9"
#define PACKAGE_BUGREPORT "lievenmoors@gmail.com"
#define PACKAGE_URL ""
#define PACKAGE "aj-snapshot"
#define VERSION "0.9.9"
#define STDC_HEADERS 1
#define HAVE_SYS_TYPES_H 1
#define HAVE_SYS_STAT_H 1
#define HAVE_STDLIB_H 1
#define HAVE_STRING_H 1
#define HAVE_MEMORY_H 1
#define HAVE_STRINGS_H 1
#define HAVE_INTTYPES_H 1
#define HAVE_STDINT_H 1
#define HAVE_UNISTD_H 1
#define HAVE_LIBASOUND 1
#define HAVE_LIBJACK 1
#define HAVE_LIBMXML 1

configure: exit 0
